<?xml version="1.0" encoding="UTF-8"?>
<testng-results ignored="0" total="5" passed="4" failed="1" skipped="0">
  <reporter-output>
  </reporter-output>
  <suite started-at="2021-03-19T16:33:45 IST" name="Default suite" finished-at="2021-03-19T16:39:44 IST" duration-ms="358787">
    <groups>
    </groups>
    <test started-at="2021-03-19T16:33:45 IST" name="Default test" finished-at="2021-03-19T16:39:44 IST" duration-ms="358787">
      <class name="io.google.testcases.GoogleLinksTests">
        <test-method is-config="true" signature="BeforeTest()[pri:0, instance:io.google.testcases.GoogleLinksTests@346d61be]" started-at="2021-03-19T16:33:45 IST" name="BeforeTest" finished-at="2021-03-19T16:34:04 IST" duration-ms="19340" status="PASS">
          <reporter-output>
          </reporter-output>
        </test-method> <!-- BeforeTest -->
        <test-method signature="clickAllLinks(java.util.function.Predicate)[pri:1, instance:io.google.testcases.GoogleLinksTests@346d61be]" started-at="2021-03-19T16:34:04 IST" name="clickAllLinks" data-provider="condition" finished-at="2021-03-19T16:35:07 IST" duration-ms="62454" status="PASS">
          <params>
            <param index="0">
              <value>
                <![CDATA[io.supplydata.Conditions$$Lambda$63/0x000000080014a6c0@67207d8a]]>
              </value>
            </param>
          </params>
          <reporter-output>
          </reporter-output>
        </test-method> <!-- clickAllLinks -->
        <test-method is-config="true" signature="tearDown(org.testng.ITestResult)[pri:0, instance:io.google.testcases.GoogleLinksTests@346d61be]" started-at="2021-03-19T16:35:07 IST" name="tearDown" finished-at="2021-03-19T16:35:07 IST" duration-ms="0" status="PASS">
          <params>
            <param index="0">
              <value>
                <![CDATA[[TestResult name=clickAllLinks status=SUCCESS method=GoogleLinksTests.clickAllLinks(java.util.function.Predicate)[pri:1, instance:io.google.testcases.GoogleLinksTests@346d61be] output={null}]]]>
              </value>
            </param>
          </params>
          <reporter-output>
          </reporter-output>
        </test-method> <!-- tearDown -->
        <test-method is-config="true" signature="BeforeTest()[pri:0, instance:io.google.testcases.GoogleLinksTests@346d61be]" started-at="2021-03-19T16:35:07 IST" name="BeforeTest" finished-at="2021-03-19T16:35:35 IST" duration-ms="28231" status="PASS">
          <reporter-output>
          </reporter-output>
        </test-method> <!-- BeforeTest -->
        <test-method signature="clickAllLinks(java.util.function.Predicate)[pri:1, instance:io.google.testcases.GoogleLinksTests@346d61be]" started-at="2021-03-19T16:35:35 IST" name="clickAllLinks" data-provider="condition" finished-at="2021-03-19T16:36:14 IST" duration-ms="39218" status="PASS">
          <params>
            <param index="0">
              <value>
                <![CDATA[io.supplydata.Conditions$$Lambda$64/0x000000080014a908@6075b2d3]]>
              </value>
            </param>
          </params>
          <reporter-output>
          </reporter-output>
        </test-method> <!-- clickAllLinks -->
        <test-method is-config="true" signature="tearDown(org.testng.ITestResult)[pri:0, instance:io.google.testcases.GoogleLinksTests@346d61be]" started-at="2021-03-19T16:36:14 IST" name="tearDown" finished-at="2021-03-19T16:36:14 IST" duration-ms="0" status="PASS">
          <params>
            <param index="0">
              <value>
                <![CDATA[[TestResult name=clickAllLinks status=SUCCESS method=GoogleLinksTests.clickAllLinks(java.util.function.Predicate)[pri:1, instance:io.google.testcases.GoogleLinksTests@346d61be] output={null}]]]>
              </value>
            </param>
          </params>
          <reporter-output>
          </reporter-output>
        </test-method> <!-- tearDown -->
        <test-method is-config="true" signature="BeforeTest()[pri:0, instance:io.google.testcases.GoogleLinksTests@346d61be]" started-at="2021-03-19T16:36:14 IST" name="BeforeTest" finished-at="2021-03-19T16:36:17 IST" duration-ms="3400" status="PASS">
          <reporter-output>
          </reporter-output>
        </test-method> <!-- BeforeTest -->
        <test-method signature="getLinkCount()[pri:2, instance:io.google.testcases.GoogleLinksTests@346d61be]" started-at="2021-03-19T16:36:17 IST" name="getLinkCount" finished-at="2021-03-19T16:36:28 IST" duration-ms="10997" status="PASS">
          <reporter-output>
          </reporter-output>
        </test-method> <!-- getLinkCount -->
        <test-method is-config="true" signature="tearDown(org.testng.ITestResult)[pri:0, instance:io.google.testcases.GoogleLinksTests@346d61be]" started-at="2021-03-19T16:36:28 IST" name="tearDown" finished-at="2021-03-19T16:36:28 IST" duration-ms="0" status="PASS">
          <params>
            <param index="0">
              <value>
                <![CDATA[[TestResult name=getLinkCount status=SUCCESS method=GoogleLinksTests.getLinkCount()[pri:2, instance:io.google.testcases.GoogleLinksTests@346d61be] output={null}]]]>
              </value>
            </param>
          </params>
          <reporter-output>
          </reporter-output>
        </test-method> <!-- tearDown -->
        <test-method is-config="true" signature="BeforeTest()[pri:0, instance:io.google.testcases.GoogleLinksTests@346d61be]" started-at="2021-03-19T16:36:28 IST" name="BeforeTest" finished-at="2021-03-19T16:36:32 IST" duration-ms="3372" status="PASS">
          <reporter-output>
          </reporter-output>
        </test-method> <!-- BeforeTest -->
        <test-method signature="Switch_Tabs()[pri:3, instance:io.google.testcases.GoogleLinksTests@346d61be]" started-at="2021-03-19T16:36:32 IST" name="Switch_Tabs" finished-at="2021-03-19T16:38:43 IST" duration-ms="130728" status="PASS">
          <reporter-output>
          </reporter-output>
        </test-method> <!-- Switch_Tabs -->
        <test-method is-config="true" signature="tearDown(org.testng.ITestResult)[pri:0, instance:io.google.testcases.GoogleLinksTests@346d61be]" started-at="2021-03-19T16:38:43 IST" name="tearDown" finished-at="2021-03-19T16:38:43 IST" duration-ms="0" status="PASS">
          <params>
            <param index="0">
              <value>
                <![CDATA[[TestResult name=Switch_Tabs status=SUCCESS method=GoogleLinksTests.Switch_Tabs()[pri:3, instance:io.google.testcases.GoogleLinksTests@346d61be] output={null}]]]>
              </value>
            </param>
          </params>
          <reporter-output>
          </reporter-output>
        </test-method> <!-- tearDown -->
        <test-method is-config="true" signature="BeforeTest()[pri:0, instance:io.google.testcases.GoogleLinksTests@346d61be]" started-at="2021-03-19T16:38:43 IST" name="BeforeTest" finished-at="2021-03-19T16:38:46 IST" duration-ms="3026" status="PASS">
          <reporter-output>
          </reporter-output>
        </test-method> <!-- BeforeTest -->
        <test-method signature="Go_To_Gmail()[pri:4, instance:io.google.testcases.GoogleLinksTests@346d61be]" started-at="2021-03-19T16:38:46 IST" name="Go_To_Gmail" finished-at="2021-03-19T16:38:53 IST" duration-ms="7785" status="FAIL">
          <exception class="org.openqa.selenium.NoSuchElementException">
            <message>
              <![CDATA[no such element: Unable to locate element: {"method":"css selector","selector":"#identifierId"}
  (Session info: chrome=89.0.4389.90)
For documentation on this error, please visit: https://www.seleniumhq.org/exceptions/no_such_element.html
Build info: version: '3.141.59', revision: 'e82be7d358', time: '2018-11-14T08:17:03'
System info: host: 'EPINHYDW07E7', ip: '192.168.0.9', os.name: 'Windows 10', os.arch: 'amd64', os.version: '10.0', java.version: '15.0.2'
Driver info: org.openqa.selenium.chrome.ChromeDriver
Capabilities {acceptInsecureCerts: false, browserName: chrome, browserVersion: 89.0.4389.90, chrome: {chromedriverVersion: 89.0.4389.23 (61b08ee2c5002..., userDataDir: C:\Users\YASHNA~1\AppData\L...}, goog:chromeOptions: {debuggerAddress: localhost:50171}, javascriptEnabled: true, networkConnectionEnabled: false, pageLoadStrategy: normal, platform: WINDOWS, platformName: WINDOWS, proxy: Proxy(), setWindowRect: true, strictFileInteractability: false, timeouts: {implicit: 0, pageLoad: 300000, script: 30000}, unhandledPromptBehavior: dismiss and notify, webauthn:extension:largeBlob: true, webauthn:virtualAuthenticators: true}
Session ID: 8b36f816ad96b451fa8db099f9afe76c
*** Element info: {Using=css selector, value=#identifierId}]]>
            </message>
            <full-stacktrace>
              <![CDATA[org.openqa.selenium.NoSuchElementException: no such element: Unable to locate element: {"method":"css selector","selector":"#identifierId"}
  (Session info: chrome=89.0.4389.90)
For documentation on this error, please visit: https://www.seleniumhq.org/exceptions/no_such_element.html
Build info: version: '3.141.59', revision: 'e82be7d358', time: '2018-11-14T08:17:03'
System info: host: 'EPINHYDW07E7', ip: '192.168.0.9', os.name: 'Windows 10', os.arch: 'amd64', os.version: '10.0', java.version: '15.0.2'
Driver info: org.openqa.selenium.chrome.ChromeDriver
Capabilities {acceptInsecureCerts: false, browserName: chrome, browserVersion: 89.0.4389.90, chrome: {chromedriverVersion: 89.0.4389.23 (61b08ee2c5002..., userDataDir: C:\Users\YASHNA~1\AppData\L...}, goog:chromeOptions: {debuggerAddress: localhost:50171}, javascriptEnabled: true, networkConnectionEnabled: false, pageLoadStrategy: normal, platform: WINDOWS, platformName: WINDOWS, proxy: Proxy(), setWindowRect: true, strictFileInteractability: false, timeouts: {implicit: 0, pageLoad: 300000, script: 30000}, unhandledPromptBehavior: dismiss and notify, webauthn:extension:largeBlob: true, webauthn:virtualAuthenticators: true}
Session ID: 8b36f816ad96b451fa8db099f9afe76c
*** Element info: {Using=css selector, value=#identifierId}
at java.base/jdk.internal.reflect.NativeConstructorAccessorImpl.newInstance0(Native Method)
at java.base/jdk.internal.reflect.NativeConstructorAccessorImpl.newInstance(NativeConstructorAccessorImpl.java:64)
at java.base/jdk.internal.reflect.DelegatingConstructorAccessorImpl.newInstance(DelegatingConstructorAccessorImpl.java:45)
at java.base/java.lang.reflect.Constructor.newInstanceWithCaller(Constructor.java:500)
at java.base/java.lang.reflect.Constructor.newInstance(Constructor.java:481)
at org.openqa.selenium.remote.http.W3CHttpResponseCodec.createException(W3CHttpResponseCodec.java:187)
at org.openqa.selenium.remote.http.W3CHttpResponseCodec.decode(W3CHttpResponseCodec.java:122)
at org.openqa.selenium.remote.http.W3CHttpResponseCodec.decode(W3CHttpResponseCodec.java:49)
at org.openqa.selenium.remote.HttpCommandExecutor.execute(HttpCommandExecutor.java:158)
at org.openqa.selenium.remote.service.DriverCommandExecutor.execute(DriverCommandExecutor.java:83)
at org.openqa.selenium.remote.RemoteWebDriver.execute(RemoteWebDriver.java:552)
at org.openqa.selenium.remote.RemoteWebDriver.findElement(RemoteWebDriver.java:323)
at org.openqa.selenium.remote.RemoteWebDriver.findElementByCssSelector(RemoteWebDriver.java:420)
at org.openqa.selenium.By$ByCssSelector.findElement(By.java:431)
at org.openqa.selenium.remote.RemoteWebDriver.findElement(RemoteWebDriver.java:315)
at org.openqa.selenium.support.pagefactory.DefaultElementLocator.findElement(DefaultElementLocator.java:69)
at org.openqa.selenium.support.pagefactory.internal.LocatingElementHandler.invoke(LocatingElementHandler.java:38)
at com.sun.proxy.$Proxy14.isEnabled(Unknown Source)
at io.google.pages.GoogleLinkPage.enterGmailID(GoogleLinkPage.java:44)
at io.google.testcases.GoogleLinksTests.Go_To_Gmail(GoogleLinksTests.java:71)
at java.base/jdk.internal.reflect.NativeMethodAccessorImpl.invoke0(Native Method)
at java.base/jdk.internal.reflect.NativeMethodAccessorImpl.invoke(NativeMethodAccessorImpl.java:64)
at java.base/jdk.internal.reflect.DelegatingMethodAccessorImpl.invoke(DelegatingMethodAccessorImpl.java:43)
at java.base/java.lang.reflect.Method.invoke(Method.java:564)
at org.testng.internal.MethodInvocationHelper.invokeMethod(MethodInvocationHelper.java:132)
at org.testng.internal.TestInvoker.invokeMethod(TestInvoker.java:599)
at org.testng.internal.TestInvoker.invokeTestMethod(TestInvoker.java:174)
at org.testng.internal.MethodRunner.runInSequence(MethodRunner.java:46)
at org.testng.internal.TestInvoker$MethodInvocationAgent.invoke(TestInvoker.java:822)
at org.testng.internal.TestInvoker.invokeTestMethods(TestInvoker.java:147)
at org.testng.internal.TestMethodWorker.invokeTestMethods(TestMethodWorker.java:146)
at org.testng.internal.TestMethodWorker.run(TestMethodWorker.java:128)
at java.base/java.util.ArrayList.forEach(ArrayList.java:1511)
at org.testng.TestRunner.privateRun(TestRunner.java:764)
at org.testng.TestRunner.run(TestRunner.java:585)
at org.testng.SuiteRunner.runTest(SuiteRunner.java:384)
at org.testng.SuiteRunner.runSequentially(SuiteRunner.java:378)
at org.testng.SuiteRunner.privateRun(SuiteRunner.java:337)
at org.testng.SuiteRunner.run(SuiteRunner.java:286)
at org.testng.SuiteRunnerWorker.runSuite(SuiteRunnerWorker.java:53)
at org.testng.SuiteRunnerWorker.run(SuiteRunnerWorker.java:96)
at org.testng.TestNG.runSuitesSequentially(TestNG.java:1218)
at org.testng.TestNG.runSuitesLocally(TestNG.java:1140)
at org.testng.TestNG.runSuites(TestNG.java:1069)
at org.testng.TestNG.run(TestNG.java:1037)
at org.testng.remote.AbstractRemoteTestNG.run(AbstractRemoteTestNG.java:115)
at org.testng.remote.RemoteTestNG.initAndRun(RemoteTestNG.java:251)
at org.testng.remote.RemoteTestNG.main(RemoteTestNG.java:77)
]]>
            </full-stacktrace>
          </exception> <!-- org.openqa.selenium.NoSuchElementException -->
          <reporter-output>
          </reporter-output>
        </test-method> <!-- Go_To_Gmail -->
        <test-method is-config="true" signature="tearDown(org.testng.ITestResult)[pri:0, instance:io.google.testcases.GoogleLinksTests@346d61be]" started-at="2021-03-19T16:38:53 IST" name="tearDown" finished-at="2021-03-19T16:39:44 IST" duration-ms="50175" status="PASS">
          <params>
            <param index="0">
              <value>
                <![CDATA[[TestResult name=Go_To_Gmail status=FAILURE method=GoogleLinksTests.Go_To_Gmail()[pri:4, instance:io.google.testcases.GoogleLinksTests@346d61be] output={null}]]]>
              </value>
            </param>
          </params>
          <reporter-output>
          </reporter-output>
        </test-method> <!-- tearDown -->
      </class> <!-- io.google.testcases.GoogleLinksTests -->
    </test> <!-- Default test -->
  </suite> <!-- Default suite -->
</testng-results>
